2020-03-01 18:16:33.479  INFO 5140 --- [restartedMain] com.example.magjong.MagjongApplication   : Starting MagjongApplication on DESKTOP-9HJRLIB with PID 5140 (C:\Users\lei\Desktop\magjong\target\classes started by lei in C:\Users\lei\Desktop\magjong)
2020-03-01 18:16:33.481  INFO 5140 --- [restartedMain] com.example.magjong.MagjongApplication   : No active profile set, falling back to default profiles: default
2020-03-01 18:16:33.540  INFO 5140 --- [restartedMain] .e.DevToolsPropertyDefaultsPostProcessor : Devtools property defaults active! Set 'spring.devtools.add-properties' to 'false' to disable
2020-03-01 18:16:33.541  INFO 5140 --- [restartedMain] .e.DevToolsPropertyDefaultsPostProcessor : For additional web related logging consider setting the 'logging.level.web' property to 'DEBUG'
2020-03-01 18:16:33.609  WARN 5140 --- [background-preinit] o.s.h.c.j.Jackson2ObjectMapperBuilder    : For Jackson Kotlin classes support please add "com.fasterxml.jackson.module:jackson-module-kotlin" to the classpath
2020-03-01 18:16:34.479  INFO 5140 --- [restartedMain] .s.d.r.c.RepositoryConfigurationDelegate : Bootstrapping Spring Data JDBC repositories in DEFAULT mode.
2020-03-01 18:16:34.510  INFO 5140 --- [restartedMain] .s.d.r.c.RepositoryConfigurationDelegate : Finished Spring Data repository scanning in 25ms. Found 0 JDBC repository interfaces.
2020-03-01 18:16:34.902  INFO 5140 --- [restartedMain] trationDelegate$BeanPostProcessorChecker : Bean 'org.springframework.transaction.annotation.ProxyTransactionManagementConfiguration' of type [org.springframework.transaction.annotation.ProxyTransactionManagementConfiguration] is not eligible for getting processed by all BeanPostProcessors (for example: not eligible for auto-proxying)
2020-03-01 18:16:35.228  INFO 5140 --- [restartedMain] o.s.b.w.embedded.tomcat.TomcatWebServer  : Tomcat initialized with port(s): 8080 (http)
2020-03-01 18:16:35.238  INFO 5140 --- [restartedMain] o.apache.catalina.core.StandardService   : Starting service [Tomcat]
2020-03-01 18:16:35.238  INFO 5140 --- [restartedMain] org.apache.catalina.core.StandardEngine  : Starting Servlet engine: [Apache Tomcat/9.0.29]
2020-03-01 18:16:35.240  INFO 5140 --- [restartedMain] o.a.catalina.core.AprLifecycleListener   : Loaded APR based Apache Tomcat Native library [1.2.23] using APR version [1.7.0].
2020-03-01 18:16:35.241  INFO 5140 --- [restartedMain] o.a.catalina.core.AprLifecycleListener   : APR capabilities: IPv6 [true], sendfile [true], accept filters [false], random [true].
2020-03-01 18:16:35.241  INFO 5140 --- [restartedMain] o.a.catalina.core.AprLifecycleListener   : APR/OpenSSL configuration: useAprConnector [false], useOpenSSL [true]
2020-03-01 18:16:35.246  INFO 5140 --- [restartedMain] o.a.catalina.core.AprLifecycleListener   : OpenSSL successfully initialized [OpenSSL 1.1.1c  28 May 2019]
2020-03-01 18:16:35.387  INFO 5140 --- [restartedMain] o.a.c.c.C.[Tomcat].[localhost].[/]       : Initializing Spring embedded WebApplicationContext
2020-03-01 18:16:35.388  INFO 5140 --- [restartedMain] o.s.web.context.ContextLoader            : Root WebApplicationContext: initialization completed in 1847 ms
2020-03-01 18:16:35.857  INFO 5140 --- [restartedMain] o.s.s.concurrent.ThreadPoolTaskExecutor  : Initializing ExecutorService 'applicationTaskExecutor'
2020-03-01 18:16:35.926  INFO 5140 --- [restartedMain] o.s.b.a.w.s.WelcomePageHandlerMapping    : Adding welcome page template: index
2020-03-01 18:16:36.320  INFO 5140 --- [restartedMain] o.s.b.d.a.OptionalLiveReloadServer       : LiveReload server is running on port 35729
2020-03-01 18:16:36.384  INFO 5140 --- [restartedMain] o.s.b.w.embedded.tomcat.TomcatWebServer  : Tomcat started on port(s): 8080 (http) with context path ''
2020-03-01 18:16:36.387  INFO 5140 --- [restartedMain] com.example.magjong.MagjongApplication   : Started MagjongApplication in 3.452 seconds (JVM running for 5.858)
